INFO  2024-04-02T03:41:34.481 ThreadId(11) [1P:op-settings/src/store/json_store.rs:117] Settings file "/home/$USER/.config/1Password/settings/settings.json" missing, using defaults.
INFO  2024-04-02T03:41:34.483 ThreadId(11) [client:typescript] Client starting.
ERROR 2024-04-02T03:41:34.914 ThreadId(11) [1P:op-crash-reporting/src/crash_report.rs:142] Failed to load crash reports from disk: Os { code: 2, kind: NotFound, message: "No such file or directory" }
INFO  2024-04-02T03:41:34.926 ThreadId(11) [1P:op-crash-reporting/src/crash_handler.rs:276] Started crash handler thread
INFO  2024-04-02T03:41:34.926 ThreadId(11) [1P:op-localization/src/lib.rs:232] system locale detected as 'en-US'
INFO  2024-04-02T03:41:34.926 ThreadId(11) [1P:op-localization/src/lib.rs:258] selected translations for EN_US based on detected locale en-US
INFO  2024-04-02T03:41:34.926 ThreadId(11) [status:app/op-app/src/app.rs:581] App::new(1Password for Linux/81028034 (EN_US), /home/$USER/.config/1Password/1password.sqlite, /home/$USER/.config/1Password/1password_resources.sqlite)
INFO  2024-04-02T03:41:34.927 ThreadId(11) [1P:data/op-db/src/common/mod.rs:120] Core DB Table Integrity Check Succeeded
INFO  2024-04-02T03:41:34.927 ThreadId(11) [1P:data/op-db/src/common/mod.rs:134] Core DB Integrity Check Succeeded
INFO  2024-04-02T03:41:34.927 ThreadId(11) [1P:data/op-db/src/core_db/db.rs:164] Starting Core DB at version: 0
INFO  2024-04-02T03:41:34.955 ThreadId(11) [1P:data/op-db/src/core_db/db.rs:189] Database is being created at '/home/$USER/.config/1Password/1password.sqlite' (sqlite: 3039002)
INFO  2024-04-02T03:41:34.957 ThreadId(11) [1P:data/op-db/src/core_db/db.rs:520] Updated DB Schema to version 001
INFO  2024-04-02T03:41:34.958 ThreadId(11) [1P:data/op-db/src/core_db/db.rs:542] Updated DB Schema to version 002
INFO  2024-04-02T03:41:34.960 ThreadId(11) [1P:data/op-db/src/core_db/db.rs:554] Updated DB Schema to version 003
INFO  2024-04-02T03:41:34.961 ThreadId(11) [1P:data/op-db/src/core_db/db.rs:570] Updated DB Schema to version 005
INFO  2024-04-02T03:41:34.962 ThreadId(11) [1P:data/op-db/src/core_db/db.rs:586] Updated DB Schema to version 006
INFO  2024-04-02T03:41:34.963 ThreadId(11) [1P:data/op-db/src/core_db/db.rs:600] Updated DB Schema to version 007
INFO  2024-04-02T03:41:34.963 ThreadId(11) [1P:data/op-db/src/core_db/db.rs:614] Updated DB Schema to version 008
INFO  2024-04-02T03:41:34.964 ThreadId(11) [1P:data/op-db/src/core_db/db.rs:628] Updated DB Schema to version 009
INFO  2024-04-02T03:41:34.965 ThreadId(11) [1P:data/op-db/src/core_db/db.rs:642] Updated DB Schema to version 011
INFO  2024-04-02T03:41:34.965 ThreadId(11) [1P:data/op-db/src/core_db/db.rs:657] Updated DB Schema to version 012
INFO  2024-04-02T03:41:34.966 ThreadId(11) [1P:data/op-db/src/core_db/db.rs:671] Updated DB Schema to version 013
INFO  2024-04-02T03:41:34.968 ThreadId(11) [1P:data/op-db/src/core_db/db.rs:685] Updated DB Schema to version 014
INFO  2024-04-02T03:41:34.968 ThreadId(11) [1P:data/op-db/src/core_db/db.rs:699] Updated DB Schema to version 015
INFO  2024-04-02T03:41:34.970 ThreadId(11) [1P:data/op-db/src/core_db/db.rs:713] Updated DB Schema to version 016
INFO  2024-04-02T03:41:34.972 ThreadId(11) [1P:data/op-db/src/core_db/db.rs:727] Updated DB Schema to version 017
INFO  2024-04-02T03:41:34.974 ThreadId(11) [1P:data/op-db/src/core_db/db.rs:741] Updated DB Schema to version 018
INFO  2024-04-02T03:41:34.974 ThreadId(11) [1P:data/op-db/src/core_db/db.rs:755] Updated DB Schema to version 019
INFO  2024-04-02T03:41:34.976 ThreadId(11) [1P:data/op-db/src/core_db/db.rs:870] Updated DB Schema to version 021
INFO  2024-04-02T03:41:34.977 ThreadId(11) [1P:data/op-db/src/core_db/db.rs:884] Updated DB Schema to version 022
INFO  2024-04-02T03:41:34.979 ThreadId(11) [1P:data/op-db/src/core_db/db.rs:898] Updated DB Schema to version 023
INFO  2024-04-02T03:41:34.980 ThreadId(11) [1P:data/op-db/src/core_db/db.rs:912] Updated DB Schema to version 024
INFO  2024-04-02T03:41:34.982 ThreadId(11) [1P:data/op-db/src/core_db/db.rs:926] Updated DB Schema to version 025
INFO  2024-04-02T03:41:34.982 ThreadId(11) [1P:data/op-db/src/core_db/db.rs:1040] Updated DB Schema to version 026
INFO  2024-04-02T03:41:34.983 ThreadId(11) [1P:data/op-db/src/core_db/db.rs:1054] Updated DB Schema to version 027
INFO  2024-04-02T03:41:34.985 ThreadId(11) [1P:data/op-db/src/core_db/db.rs:1068] Updated DB Schema to version 028
INFO  2024-04-02T03:41:34.986 ThreadId(11) [1P:data/op-db/src/core_db/db.rs:1082] Updated DB Schema to version 029
INFO  2024-04-02T03:41:34.986 ThreadId(11) [1P:data/op-db/src/core_db/db.rs:1096] Updated DB Schema to version 030
INFO  2024-04-02T03:41:34.990 ThreadId(11) [1P:data/op-db/src/core_db/db.rs:1109] Updated DB Schema to version 031
INFO  2024-04-02T03:41:34.991 ThreadId(11) [1P:data/op-db/src/common/mod.rs:120] Resources DB Table Integrity Check Succeeded
INFO  2024-04-02T03:41:34.991 ThreadId(11) [1P:data/op-db/src/common/mod.rs:134] Resources DB Integrity Check Succeeded
INFO  2024-04-02T03:41:34.991 ThreadId(11) [1P:data/op-db/src/resources_db/db.rs:133] Starting Resources DB at version: 0
INFO  2024-04-02T03:41:34.991 ThreadId(11) [1P:data/op-db/src/resources_db/db.rs:141] Resources Database is being created at '/home/$USER/.config/1Password/1password_resources.sqlite' (sqlite: 3039002)
INFO  2024-04-02T03:41:34.993 ThreadId(11) [1P:data/op-db/src/resources_db/db.rs:246] Updated DB Schema to version 001
ERROR 2024-04-02T03:41:34.996 ThreadId(11) [1P:/builds/dev/core/core/ssh/op-ssh-config/src/lib.rs:182] Failed to start ssh config file watcher: Io(Os { code: 2, kind: NotFound, message: "No such file or directory" })
INFO  2024-04-02T03:41:34.997 ThreadId(11) [1P:native-messaging/op-nm-installer/src/nix_utils.rs:48] Creating manifest directory for Chromium at /home/$USER/.config/google-chrome/NativeMessagingHosts
INFO  2024-04-02T03:41:34.997 ThreadId(11) [1P:native-messaging/op-nm-installer/src/nix_utils.rs:68] Created NMH manifest at /home/$USER/.config/google-chrome/NativeMessagingHosts/com.1password.1password.json
INFO  2024-04-02T03:41:34.997 ThreadId(11) [1P:native-messaging/op-nm-installer/src/nix_utils.rs:48] Creating manifest directory for Chromium at /home/$USER/.config/google-chrome-beta/NativeMessagingHosts
INFO  2024-04-02T03:41:34.997 ThreadId(11) [1P:native-messaging/op-nm-installer/src/nix_utils.rs:68] Created NMH manifest at /home/$USER/.config/google-chrome-beta/NativeMessagingHosts/com.1password.1password.json
INFO  2024-04-02T03:41:34.997 ThreadId(11) [1P:native-messaging/op-nm-installer/src/nix_utils.rs:48] Creating manifest directory for Chromium at /home/$USER/.config/google-chrome-unstable/NativeMessagingHosts
INFO  2024-04-02T03:41:34.997 ThreadId(11) [1P:native-messaging/op-nm-installer/src/nix_utils.rs:68] Created NMH manifest at /home/$USER/.config/google-chrome-unstable/NativeMessagingHosts/com.1password.1password.json
INFO  2024-04-02T03:41:34.997 ThreadId(11) [1P:native-messaging/op-nm-installer/src/nix_utils.rs:48] Creating manifest directory for Chromium at /home/$USER/.config/chromium/NativeMessagingHosts
INFO  2024-04-02T03:41:34.997 ThreadId(11) [1P:native-messaging/op-nm-installer/src/nix_utils.rs:68] Created NMH manifest at /home/$USER/.config/chromium/NativeMessagingHosts/com.1password.1password.json
INFO  2024-04-02T03:41:34.997 ThreadId(11) [1P:native-messaging/op-nm-installer/src/nix_utils.rs:48] Creating manifest directory for Chromium at /home/$USER/.config/microsoft-edge-dev/NativeMessagingHosts
INFO  2024-04-02T03:41:34.997 ThreadId(11) [1P:native-messaging/op-nm-installer/src/nix_utils.rs:68] Created NMH manifest at /home/$USER/.config/microsoft-edge-dev/NativeMessagingHosts/com.1password.1password.json
INFO  2024-04-02T03:41:34.997 ThreadId(11) [1P:native-messaging/op-nm-installer/src/nix_utils.rs:48] Creating manifest directory for Chromium at /home/$USER/.config/BraveSoftware/Brave-Browser/NativeMessagingHosts
INFO  2024-04-02T03:41:34.997 ThreadId(11) [1P:native-messaging/op-nm-installer/src/nix_utils.rs:68] Created NMH manifest at /home/$USER/.config/BraveSoftware/Brave-Browser/NativeMessagingHosts/com.1password.1password.json
INFO  2024-04-02T03:41:34.997 ThreadId(11) [1P:native-messaging/op-nm-installer/src/nix_utils.rs:48] Creating manifest directory for Chromium at /home/$USER/.config/vivaldi/NativeMessagingHosts
INFO  2024-04-02T03:41:34.998 ThreadId(11) [1P:native-messaging/op-nm-installer/src/nix_utils.rs:68] Created NMH manifest at /home/$USER/.config/vivaldi/NativeMessagingHosts/com.1password.1password.json
INFO  2024-04-02T03:41:34.998 ThreadId(11) [1P:native-messaging/op-nm-installer/src/nix_utils.rs:48] Creating manifest directory for Chromium at /home/$USER/.config/vivaldi-snapshot/NativeMessagingHosts
INFO  2024-04-02T03:41:34.998 ThreadId(11) [1P:native-messaging/op-nm-installer/src/nix_utils.rs:68] Created NMH manifest at /home/$USER/.config/vivaldi-snapshot/NativeMessagingHosts/com.1password.1password.json
INFO  2024-04-02T03:41:34.998 ThreadId(11) [1P:native-messaging/op-nm-installer/src/nix_utils.rs:48] Creating manifest directory for Firefox at /home/$USER/.mozilla/native-messaging-hosts
INFO  2024-04-02T03:41:34.998 ThreadId(11) [1P:native-messaging/op-nm-installer/src/nix_utils.rs:68] Created NMH manifest at /home/$USER/.mozilla/native-messaging-hosts/com.1password.1password.json
INFO  2024-04-02T03:41:34.998 ThreadId(11) [1P:native-messaging/op-nm-installer/src/nix_utils.rs:83] Successfully installed all native messaging manifests.
INFO  2024-04-02T03:41:34.998 tokio-runtime-worker(ThreadId(3)) [1P:native-messaging/op-native-core-integration/src/lib.rs:329] Starting IPC listener on 1Password-BrowserSupport
INFO  2024-04-02T03:41:34.998 tokio-runtime-worker(ThreadId(3)) [1P:native-messaging/op-native-core-integration/src/lib.rs:341] Active native core integration is awaiting messages
INFO  2024-04-02T03:41:34.999 tokio-runtime-worker(ThreadId(5)) [1P:ssh/op-agent-controller/src/lib.rs:502] Starting filesystem watcher for SSH agent configuration directories...
ERROR 2024-04-02T03:41:34.999 tokio-runtime-worker(ThreadId(5)) [1P:/builds/dev/core/core/ssh/op-agent-controller/src/lib.rs:503] Io(Os { code: 2, kind: NotFound, message: "No such file or directory" })
ERROR 2024-04-02T03:41:35.067 ThreadId(11) [client:typescript] Could not load window state.
INFO  2024-04-02T03:41:35.856 tokio-runtime-worker(ThreadId(5)) [1P:app/op-app/src/app/backend/unlock.rs:543] System unlock was attempted but we cannot use it.
INFO  2024-04-02T03:41:37.180 tokio-runtime-worker(ThreadId(6)) [1P:app/op-app/src/app/backend/frontend.rs:26] Front end event: window closed
INFO  2024-04-02T03:41:41.305 tokio-runtime-worker(ThreadId(7)) [1P:app/op-app/src/app/backend/unlock.rs:543] System unlock was attempted but we cannot use it.
INFO  2024-04-02T03:41:50.690 tokio-runtime-worker(ThreadId(5)) [1P:app/op-app/src/app/backend/unlock.rs:543] System unlock was attempted but we cannot use it.
INFO  2024-04-02T03:41:50.690 tokio-runtime-worker(ThreadId(5)) [1P:app/op-app/src/app/backend/unlock.rs:543] System unlock was attempted but we cannot use it.
INFO  2024-04-02T03:41:54.816 tokio-runtime-worker(ThreadId(5)) [1P:op-b5-client/src/internal/unauthorized_session.rs:845] Registered device bdgnutenj4kdsv3lka53uzcwti
INFO  2024-04-02T03:41:55.721 tokio-runtime-worker(ThreadId(5)) [1P:op-b5-client/src/internal/unauthorized_session.rs:1042] Skipping MFA because server did not return MFA config
INFO  2024-04-02T03:41:55.722 tokio-runtime-worker(ThreadId(1)) [1P:data/op-add-account/src/first_sync.rs:414] starting initial account sync
INFO  2024-04-02T03:41:57.105 tokio-runtime-worker(ThreadId(7)) [1P:op-syncer/src/sync_job.rs:348] synced account AQU7SJXD3RG2LMU3ZN2WHF4KFI (1.382980713s)
INFO  2024-04-02T03:41:57.551 tokio-runtime-worker(ThreadId(1)) [1P:/builds/dev/core/core/data/ext/op-account-ext-settings-authentication/src/lib.rs:211] loaded settings authentication key: none
INFO  2024-04-02T03:41:57.551 tokio-runtime-worker(ThreadId(6)) [1P:data/ext/op-account-ext-items/src/lib.rs:264] loaded 0 items in 3 vaults for account: AQU7SJXD3RG2LMU3ZN2WHF4KFI
INFO  2024-04-02T03:41:57.553 tokio-runtime-worker(ThreadId(5)) [1P:app/op-app/src/app/backend/frontend_initialized.rs:220] starting refresher task during initial account sign-in
INFO  2024-04-02T03:41:57.553 tokio-runtime-worker(ThreadId(6)) [1P:data/ext/op-account-ext-settings-authentication/src/lib.rs:319] No and/or corrupt account setting authentication key, generating a new one.
INFO  2024-04-02T03:41:57.553 tokio-runtime-worker(ThreadId(6)) [1P:data/ext/op-account-ext-settings-authentication/src/lib.rs:343] applying setting authentication key (c903bb6d647d5e75) to account (AQU7SJXD3RG2LMU3ZN2WHF4KFI).
INFO  2024-04-02T03:41:57.554 tokio-runtime-worker(ThreadId(6)) [1P:op-settings/src/store/json_store.rs:685] initializing settings authentication with key c903bb6d647d5e75
INFO  2024-04-02T03:41:57.554 tokio-runtime-worker(ThreadId(3)) [1P:app/op-app/src/app/backend/frontend_initialized.rs:229] refreshing ui for pending sign-in
INFO  2024-04-02T03:41:57.554 tokio-runtime-worker(ThreadId(1)) [1P:op-settings/src/store/json_store.rs:117] Settings file "/home/$USER/.config/1Password/settings/settings.json" missing, using defaults.
INFO  2024-04-02T03:41:57.554 tokio-runtime-worker(ThreadId(3)) [1P:app/op-app/src/app/backend/unlock.rs:135] Lock state changed: Unlocked
INFO  2024-04-02T03:41:57.554 tokio-runtime-worker(ThreadId(3)) [1P:app/op-app/src/app/backend/unlock.rs:166] Processing unlocked account AQU7SJXD3RG2LMU3ZN2WHF4KFI
INFO  2024-04-02T03:41:57.817 tokio-runtime-worker(ThreadId(6)) [1P:data/ext/op-account-ext-syncer/src/lib.rs:249] The B5 Notifier for (AQU7SJXD3RG2LMU3ZN2WHF4KFI) has connected, now monitoring for events.
INFO  2024-04-02T03:41:58.329 tokio-runtime-worker(ThreadId(1)) [1P:op-syncer/src/sync_job.rs:348] synced account AQU7SJXD3RG2LMU3ZN2WHF4KFI (0.776107964s)
INFO  2024-04-02T03:41:58.330 tokio-runtime-worker(ThreadId(8)) [1P:data/op-file-transfer/src/lib.rs:599] find_and_complete_pending_uploads: 'AQU7SJXD3RG2LMU3ZN2WHF4KFI'
INFO  2024-04-02T03:41:58.330 tokio-runtime-worker(ThreadId(1)) [1P:app/op-app/src/app/backend/frontend_initialized.rs:234] shutting down refresher task
INFO  2024-04-02T03:41:58.442 tokio-runtime-worker(ThreadId(5)) [1P:op-syncer/src/sync_job.rs:348] synced account AQU7SJXD3RG2LMU3ZN2WHF4KFI (0.111811685s)
INFO  2024-04-02T03:42:00.799 ThreadId(11) [client:typescript] Settings file changed.
INFO  2024-04-02T03:42:01.054 ThreadId(32) [1P:op-auto-lock/src/linux.rs:467] X screensaver event detected
INFO  2024-04-02T03:42:03.242 tokio-runtime-worker(ThreadId(6)) [1P:data/op-account-system-unlock/src/lib.rs:518] Adding system unlock key. Verifying keysets can be decrypted.
INFO  2024-04-02T03:42:03.245 tokio-runtime-worker(ThreadId(6)) [1P:data/op-account-system-unlock/src/lib.rs:524] Adding system unlock key. Encrypting muk.
INFO  2024-04-02T03:42:03.245 ThreadId(15) [1P:data/op-account-system-unlock/src/lib.rs:530] Adding system unlock key. Updating account.
ERROR 2024-04-02T03:42:07.108 tokio-runtime-worker(ThreadId(6)) [1P:/builds/dev/core/core/ui/op-profile-model/src/lib.rs:118] PersonNotFound
INFO  2024-04-02T03:42:31.059 ThreadId(32) [1P:op-auto-lock/src/linux.rs:467] X screensaver event detected
INFO  2024-04-02T03:43:01.065 ThreadId(32) [1P:op-auto-lock/src/linux.rs:467] X screensaver event detected
INFO  2024-04-02T03:43:01.259 tokio-runtime-worker(ThreadId(5)) [1P:app/op-app/src/app/backend/task_handle.rs:45] Starting export task
INFO  2024-04-02T03:43:01.262 tokio-runtime-worker(ThreadId(5)) [1P:app/op-app/src/app/backend/export.rs:59] Downloading encrypted file yxwclguxzqimo2c2gpkqbsniq4 if not available locally.
INFO  2024-04-02T03:43:01.262 tokio-runtime-worker(ThreadId(5)) [1P:data/op-file-transfer/src/lib.rs:348] downloading: '/home/$USER/.config/1Password/files/AQU7SJXD3RG2LMU3ZN2WHF4KFI/yxwclguxzqimo2c2gpkqbsniq4.download'
INFO  2024-04-02T03:43:01.409 tokio-runtime-worker(ThreadId(2)) [1P:app/op-app/src/app/backend/export.rs:59] Downloading encrypted file ltkrqvthemjuhfvalyilvtgmyu if not available locally.
INFO  2024-04-02T03:43:01.409 tokio-runtime-worker(ThreadId(2)) [1P:data/op-file-transfer/src/lib.rs:348] downloading: '/home/$USER/.config/1Password/files/AQU7SJXD3RG2LMU3ZN2WHF4KFI/ltkrqvthemjuhfvalyilvtgmyu.download'
INFO  2024-04-02T03:43:01.532 tokio-runtime-worker(ThreadId(5)) [1P:app/op-app/src/app/backend/export.rs:59] Downloading encrypted file n7cnlesgadc4iflzz27sft75e4 if not available locally.
INFO  2024-04-02T03:43:01.532 tokio-runtime-worker(ThreadId(5)) [1P:data/op-file-transfer/src/lib.rs:348] downloading: '/home/$USER/.config/1Password/files/AQU7SJXD3RG2LMU3ZN2WHF4KFI/n7cnlesgadc4iflzz27sft75e4.download'
INFO  2024-04-02T03:43:02.065 tokio-runtime-worker(ThreadId(2)) [1P:app/op-app/src/app/backend/export.rs:59] Downloading encrypted file xt37v5up6quiavywi24edgnnne if not available locally.
INFO  2024-04-02T03:43:02.065 tokio-runtime-worker(ThreadId(2)) [1P:data/op-file-transfer/src/lib.rs:348] downloading: '/home/$USER/.config/1Password/files/AQU7SJXD3RG2LMU3ZN2WHF4KFI/xt37v5up6quiavywi24edgnnne.download'
INFO  2024-04-02T03:43:02.279 tokio-runtime-worker(ThreadId(6)) [1P:app/op-app/src/app/backend/task_handle.rs:36] Finished export task
INFO  2024-04-02T03:43:31.071 ThreadId(32) [1P:op-auto-lock/src/linux.rs:467] X screensaver event detected
INFO  2024-04-02T03:43:51.465 tokio-runtime-worker(ThreadId(5)) [1P:app/op-app/src/app/backend/frontend.rs:26] Front end event: window closed
INFO  2024-04-02T03:44:01.077 ThreadId(32) [1P:op-auto-lock/src/linux.rs:467] X screensaver event detected
INFO  2024-04-02T03:44:31.083 ThreadId(32) [1P:op-auto-lock/src/linux.rs:467] X screensaver event detected
INFO  2024-04-02T03:45:01.088 ThreadId(32) [1P:op-auto-lock/src/linux.rs:467] X screensaver event detected
INFO  2024-04-02T03:45:31.094 ThreadId(32) [1P:op-auto-lock/src/linux.rs:467] X screensaver event detected
INFO  2024-04-02T03:46:01.100 ThreadId(32) [1P:op-auto-lock/src/linux.rs:467] X screensaver event detected
INFO  2024-04-02T03:46:31.106 ThreadId(32) [1P:op-auto-lock/src/linux.rs:467] X screensaver event detected
INFO  2024-04-02T03:47:01.111 ThreadId(32) [1P:op-auto-lock/src/linux.rs:467] X screensaver event detected
INFO  2024-04-02T03:47:31.117 ThreadId(32) [1P:op-auto-lock/src/linux.rs:467] X screensaver event detected
INFO  2024-04-02T03:48:01.122 ThreadId(32) [1P:op-auto-lock/src/linux.rs:467] X screensaver event detected
INFO  2024-04-02T03:48:31.127 ThreadId(32) [1P:op-auto-lock/src/linux.rs:467] X screensaver event detected
INFO  2024-04-02T03:49:01.133 ThreadId(32) [1P:op-auto-lock/src/linux.rs:467] X screensaver event detected
INFO  2024-04-02T03:49:31.138 ThreadId(32) [1P:op-auto-lock/src/linux.rs:467] X screensaver event detected
INFO  2024-04-02T03:50:01.144 ThreadId(32) [1P:op-auto-lock/src/linux.rs:467] X screensaver event detected
INFO  2024-04-02T03:50:31.149 ThreadId(32) [1P:op-auto-lock/src/linux.rs:467] X screensaver event detected
INFO  2024-04-02T03:51:01.154 ThreadId(32) [1P:op-auto-lock/src/linux.rs:467] X screensaver event detected
INFO  2024-04-02T03:51:31.160 ThreadId(32) [1P:op-auto-lock/src/linux.rs:467] X screensaver event detected
INFO  2024-04-02T03:52:01.166 ThreadId(32) [1P:op-auto-lock/src/linux.rs:467] X screensaver event detected
INFO  2024-04-02T03:52:31.171 ThreadId(32) [1P:op-auto-lock/src/linux.rs:467] X screensaver event detected
INFO  2024-04-02T03:53:01.676 ThreadId(32) [1P:op-auto-lock/src/linux.rs:467] X screensaver event detected
INFO  2024-04-02T03:53:31.682 ThreadId(32) [1P:op-auto-lock/src/linux.rs:467] X screensaver event detected
INFO  2024-04-02T03:54:01.187 ThreadId(32) [1P:op-auto-lock/src/linux.rs:467] X screensaver event detected
INFO  2024-04-02T03:54:31.693 ThreadId(32) [1P:op-auto-lock/src/linux.rs:467] X screensaver event detected
INFO  2024-04-02T03:55:01.699 ThreadId(32) [1P:op-auto-lock/src/linux.rs:467] X screensaver event detected
INFO  2024-04-02T03:55:31.704 ThreadId(32) [1P:op-auto-lock/src/linux.rs:467] X screensaver event detected
INFO  2024-04-02T03:56:01.710 ThreadId(32) [1P:op-auto-lock/src/linux.rs:467] X screensaver event detected
INFO  2024-04-02T03:56:31.715 ThreadId(32) [1P:op-auto-lock/src/linux.rs:467] X screensaver event detected
INFO  2024-04-02T03:57:01.721 ThreadId(32) [1P:op-auto-lock/src/linux.rs:467] X screensaver event detected
INFO  2024-04-02T03:57:13.670 tokio-runtime-worker(ThreadId(4)) [1P:op-syncer/src/sync_job.rs:348] synced account AQU7SJXD3RG2LMU3ZN2WHF4KFI (0.637903085s)
INFO  2024-04-02T03:57:31.726 ThreadId(32) [1P:op-auto-lock/src/linux.rs:467] X screensaver event detected
INFO  2024-04-02T03:58:01.732 ThreadId(32) [1P:op-auto-lock/src/linux.rs:467] X screensaver event detected
INFO  2024-04-02T03:58:31.739 ThreadId(32) [1P:op-auto-lock/src/linux.rs:467] X screensaver event detected
INFO  2024-04-02T03:59:01.744 ThreadId(32) [1P:op-auto-lock/src/linux.rs:467] X screensaver event detected
INFO  2024-04-02T03:59:31.750 ThreadId(32) [1P:op-auto-lock/src/linux.rs:467] X screensaver event detected
INFO  2024-04-02T04:00:01.756 ThreadId(32) [1P:op-auto-lock/src/linux.rs:467] X screensaver event detected
INFO  2024-04-02T04:00:31.762 ThreadId(32) [1P:op-auto-lock/src/linux.rs:467] X screensaver event detected
INFO  2024-04-02T04:01:01.768 ThreadId(32) [1P:op-auto-lock/src/linux.rs:467] X screensaver event detected
INFO  2024-04-02T04:01:31.774 ThreadId(32) [1P:op-auto-lock/src/linux.rs:467] X screensaver event detected
INFO  2024-04-02T04:02:01.779 ThreadId(32) [1P:op-auto-lock/src/linux.rs:467] X screensaver event detected
INFO  2024-04-02T04:02:31.784 ThreadId(32) [1P:op-auto-lock/src/linux.rs:467] X screensaver event detected
INFO  2024-04-02T04:03:01.790 ThreadId(32) [1P:op-auto-lock/src/linux.rs:467] X screensaver event detected
INFO  2024-04-02T04:03:31.795 ThreadId(32) [1P:op-auto-lock/src/linux.rs:467] X screensaver event detected
INFO  2024-04-02T04:04:02.301 ThreadId(32) [1P:op-auto-lock/src/linux.rs:467] X screensaver event detected
INFO  2024-04-02T04:04:32.306 ThreadId(32) [1P:op-auto-lock/src/linux.rs:467] X screensaver event detected
INFO  2024-04-02T04:05:02.312 ThreadId(32) [1P:op-auto-lock/src/linux.rs:467] X screensaver event detected
INFO  2024-04-02T04:05:32.318 ThreadId(32) [1P:op-auto-lock/src/linux.rs:467] X screensaver event detected
INFO  2024-04-02T04:06:02.323 ThreadId(32) [1P:op-auto-lock/src/linux.rs:467] X screensaver event detected
INFO  2024-04-02T04:06:12.712 tokio-runtime-worker(ThreadId(4)) [1P:op-syncer/src/sync_job.rs:348] synced account AQU7SJXD3RG2LMU3ZN2WHF4KFI (0.352483598s)
INFO  2024-04-02T04:06:32.329 ThreadId(32) [1P:op-auto-lock/src/linux.rs:467] X screensaver event detected
INFO  2024-04-02T04:07:02.335 ThreadId(32) [1P:op-auto-lock/src/linux.rs:467] X screensaver event detected
INFO  2024-04-02T04:07:32.343 ThreadId(32) [1P:op-auto-lock/src/linux.rs:467] X screensaver event detected
INFO  2024-04-02T04:08:02.351 ThreadId(32) [1P:op-auto-lock/src/linux.rs:467] X screensaver event detected
INFO  2024-04-02T04:08:32.356 ThreadId(32) [1P:op-auto-lock/src/linux.rs:467] X screensaver event detected
INFO  2024-04-02T04:09:02.362 ThreadId(32) [1P:op-auto-lock/src/linux.rs:467] X screensaver event detected
INFO  2024-04-02T04:09:32.368 ThreadId(32) [1P:op-auto-lock/src/linux.rs:467] X screensaver event detected
INFO  2024-04-02T04:10:02.374 ThreadId(32) [1P:op-auto-lock/src/linux.rs:467] X screensaver event detected
INFO  2024-04-02T04:10:32.379 ThreadId(32) [1P:op-auto-lock/src/linux.rs:467] X screensaver event detected
INFO  2024-04-02T04:11:02.385 ThreadId(32) [1P:op-auto-lock/src/linux.rs:467] X screensaver event detected
INFO  2024-04-02T04:11:32.391 ThreadId(32) [1P:op-auto-lock/src/linux.rs:467] X screensaver event detected
INFO  2024-04-02T04:12:02.396 ThreadId(32) [1P:op-auto-lock/src/linux.rs:467] X screensaver event detected
INFO  2024-04-02T04:12:32.402 ThreadId(32) [1P:op-auto-lock/src/linux.rs:467] X screensaver event detected
INFO  2024-04-02T04:13:02.408 ThreadId(32) [1P:op-auto-lock/src/linux.rs:467] X screensaver event detected
INFO  2024-04-02T04:13:32.413 ThreadId(32) [1P:op-auto-lock/src/linux.rs:467] X screensaver event detected
INFO  2024-04-02T04:14:02.919 ThreadId(32) [1P:op-auto-lock/src/linux.rs:467] X screensaver event detected
INFO  2024-04-02T04:14:32.924 ThreadId(32) [1P:op-auto-lock/src/linux.rs:467] X screensaver event detected
INFO  2024-04-02T04:15:06.930 ThreadId(32) [1P:op-auto-lock/src/linux.rs:467] X screensaver event detected
INFO  2024-04-02T04:15:36.936 ThreadId(32) [1P:op-auto-lock/src/linux.rs:467] X screensaver event detected
INFO  2024-04-02T04:16:06.941 ThreadId(32) [1P:op-auto-lock/src/linux.rs:467] X screensaver event detected
INFO  2024-04-02T04:16:36.947 ThreadId(32) [1P:op-auto-lock/src/linux.rs:467] X screensaver event detected
INFO  2024-04-02T04:17:06.953 ThreadId(32) [1P:op-auto-lock/src/linux.rs:467] X screensaver event detected
INFO  2024-04-02T04:17:36.958 ThreadId(32) [1P:op-auto-lock/src/linux.rs:467] X screensaver event detected
INFO  2024-04-02T04:18:06.964 ThreadId(32) [1P:op-auto-lock/src/linux.rs:467] X screensaver event detected
INFO  2024-04-02T04:18:36.972 ThreadId(32) [1P:op-auto-lock/src/linux.rs:467] X screensaver event detected
INFO  2024-04-02T04:19:06.977 ThreadId(32) [1P:op-auto-lock/src/linux.rs:467] X screensaver event detected
INFO  2024-04-02T04:19:36.983 ThreadId(32) [1P:op-auto-lock/src/linux.rs:467] X screensaver event detected
INFO  2024-04-02T04:20:06.988 ThreadId(32) [1P:op-auto-lock/src/linux.rs:467] X screensaver event detected
INFO  2024-04-02T04:20:37.496 ThreadId(32) [1P:op-auto-lock/src/linux.rs:467] X screensaver event detected
INFO  2024-04-02T04:21:07.501 ThreadId(32) [1P:op-auto-lock/src/linux.rs:467] X screensaver event detected
INFO  2024-04-02T04:21:37.506 ThreadId(32) [1P:op-auto-lock/src/linux.rs:467] X screensaver event detected
INFO  2024-04-02T04:22:07.512 ThreadId(32) [1P:op-auto-lock/src/linux.rs:467] X screensaver event detected
INFO  2024-04-02T04:22:37.517 ThreadId(32) [1P:op-auto-lock/src/linux.rs:467] X screensaver event detected
INFO  2024-04-02T04:23:07.522 ThreadId(32) [1P:op-auto-lock/src/linux.rs:467] X screensaver event detected
INFO  2024-04-02T04:23:37.528 ThreadId(32) [1P:op-auto-lock/src/linux.rs:467] X screensaver event detected
INFO  2024-04-02T04:24:07.533 ThreadId(32) [1P:op-auto-lock/src/linux.rs:467] X screensaver event detected
INFO  2024-04-02T04:24:37.539 ThreadId(32) [1P:op-auto-lock/src/linux.rs:467] X screensaver event detected
INFO  2024-04-02T04:25:07.546 ThreadId(32) [1P:op-auto-lock/src/linux.rs:467] X screensaver event detected
INFO  2024-04-02T04:25:37.551 ThreadId(32) [1P:op-auto-lock/src/linux.rs:467] X screensaver event detected
INFO  2024-04-02T04:26:07.558 ThreadId(32) [1P:op-auto-lock/src/linux.rs:467] X screensaver event detected
INFO  2024-04-02T04:26:37.566 ThreadId(32) [1P:op-auto-lock/src/linux.rs:467] X screensaver event detected
INFO  2024-04-02T04:27:09.075 ThreadId(32) [1P:op-auto-lock/src/linux.rs:467] X screensaver event detected
INFO  2024-04-02T04:27:39.083 ThreadId(32) [1P:op-auto-lock/src/linux.rs:467] X screensaver event detected
INFO  2024-04-02T04:28:09.088 ThreadId(32) [1P:op-auto-lock/src/linux.rs:467] X screensaver event detected
INFO  2024-04-02T04:28:39.094 ThreadId(32) [1P:op-auto-lock/src/linux.rs:467] X screensaver event detected
INFO  2024-04-02T04:29:09.100 ThreadId(32) [1P:op-auto-lock/src/linux.rs:467] X screensaver event detected
INFO  2024-04-02T04:29:39.106 ThreadId(32) [1P:op-auto-lock/src/linux.rs:467] X screensaver event detected
INFO  2024-04-02T04:34:54.719 tokio-runtime-worker(ThreadId(8)) [1P:app/op-app/src/app/backend/lock.rs:122] Lock state changed: Locked
INFO  2024-04-02T04:34:54.720 tokio-runtime-worker(ThreadId(8)) [1P:app/op-app/src/app/backend/lock.rs:140] Locked. Reason: Automatic(ScreenSaverActivated).
INFO  2024-04-02T06:43:01.240 tokio-runtime-worker(ThreadId(2)) [1P:app/op-app/src/app/backend/frontend.rs:57] Front end event: app will quit
WARN  2024-04-02T06:43:01.240 tokio-runtime-worker(ThreadId(2)) [1P:op-invocation/src/lib.rs:498] shutdown requested!
INFO  2024-04-02T06:43:01.240 tokio-runtime-worker(ThreadId(2)) [1P:app/op-app/src/app/shutdown.rs:74] starting app shutdown
INFO  2024-04-02T06:43:01.240 tokio-runtime-worker(ThreadId(2)) [1P:app/op-app/src/app/shutdown.rs:136] running shutdown hook: /builds/dev/core/core/app/op-app/src/app.rs:1026
INFO  2024-04-02T06:43:01.377 ThreadId(15) [1P:data/op-db-queue/src/lib.rs:197] db shutdown requested
INFO  2024-04-02T06:43:01.377 ThreadId(15) [1P:data/op-db-queue/src/lib.rs:205] closing dbs
INFO  2024-04-02T06:43:01.382 ThreadId(15) [1P:data/op-db-queue/src/lib.rs:211] db queue worker exiting
INFO  2024-04-02T06:43:01.382 tokio-runtime-worker(ThreadId(3)) [1P:app/op-app/src/app/shutdown.rs:109] app shutdown complete
ERROR 2024-04-02T06:43:01.383 tokio-runtime-worker(ThreadId(3)) [1P:/builds/dev/core/core/ui/op-routes/src/lib.rs:283] Closed
