2024-07-25 01:57:54 Loading main app package /opt/Obsidian/resources/obsidian.asar
2024-07-25 01:57:54 Checking for update using Github
2024-07-25 01:57:55 Success.
2024-07-25 01:57:55 Latest version is 1.6.7
2024-07-25 01:57:55 App is up to date.
2024-07-25 01:58:15 Loading main app package /opt/Obsidian/resources/obsidian.asar
2024-07-25 01:58:16 Checking for update using Github
2024-07-25 01:58:16 Success.
2024-07-25 01:58:16 Latest version is 1.6.7
2024-07-25 01:58:16 App is up to date.
2024-07-25 01:59:49 Loading main app package /opt/Obsidian/resources/obsidian.asar
2024-07-25 01:59:49 Checking for update using Github
2024-07-25 01:59:49 Success.
2024-07-25 01:59:49 Latest version is 1.6.7
2024-07-25 01:59:49 App is up to date.
2024-07-25 02:57:35 Loading main app package /opt/Obsidian/resources/obsidian.asar
2024-07-25 03:14:04 Loading main app package /opt/Obsidian/resources/obsidian.asar
2024-07-25 05:35:26 Loading main app package /opt/Obsidian/resources/obsidian.asar
2024-07-25 06:48:08 Loading main app package /opt/Obsidian/resources/obsidian.asar
2024-07-25 18:21:40 Loading main app package /opt/Obsidian/resources/obsidian.asar
2024-07-26 05:44:09 Loading main app package /opt/Obsidian/resources/obsidian.asar
2024-07-26 16:48:45 Loading main app package /opt/Obsidian/resources/obsidian.asar
2024-07-27 23:00:21 Loading main app package /opt/Obsidian/resources/obsidian.asar
2024-07-28 02:58:31 Loading main app package /opt/Obsidian/resources/obsidian.asar
2024-07-28 06:04:09 Loading main app package /opt/Obsidian/resources/obsidian.asar
